<?xml version="1.0" encoding="UTF-8"?>
<robot generator="Robot 3.1.1 (Python 3.7.2 on darwin)" generated="20190420 20:11:37.520" rpa="false">
<suite id="s1" name="Test Open Apps" source="/Users/monica.danesa/Documents/mykonos/demo/test_open_apps.robot">
<test id="s1-t1" name="Test Open Apps">
<kw name="Scan Current Device" library="mykonos">
<arguments>
<arg>${emulator}</arg>
</arguments>
<assign>
<var>${device}</var>
</assign>
<msg timestamp="20190420 20:11:37.988" level="INFO">${device} = &lt;uiautomator.AutomatorDevice object at 0x10a28a898&gt;</msg>
<status status="PASS" starttime="20190420 20:11:37.788" endtime="20190420 20:11:37.988"></status>
</kw>
<kw name="Open Application" library="mykonos">
<arguments>
<arg>${emulator}</arg>
<arg>${apk}</arg>
</arguments>
<status status="PASS" starttime="20190420 20:11:37.989" endtime="20190420 20:11:38.516"></status>
</kw>
<kw name="Get Locator" library="mykonos">
<doc>access locator from device
selector support :
text, textContains, textMatches, textStartsWith
className, classNameMatches
description, descriptionContains, descriptionMatches, descriptionStartsWith
checkable, checked, clickable, longClickable
scrollable, enabled,focusable, focused, selected
packageName, packageNameMatches
resourceId, resourceIdMatches
index, instance
example :
cls = LocatorElement(data)
locator = cls.get_locator(text='')</doc>
<arguments>
<arg>className=android.widget.Button</arg>
</arguments>
<assign>
<var>${locator}</var>
</assign>
<msg timestamp="20190420 20:11:38.517" level="INFO">{'className': 'android.widget.Button'}</msg>
<msg timestamp="20190420 20:11:38.517" level="INFO">${locator} = &lt;uiautomator.AutomatorDeviceObject object at 0x10a28a518&gt;</msg>
<status status="PASS" starttime="20190420 20:11:38.516" endtime="20190420 20:11:38.517"></status>
</kw>
<kw name="Click Element" library="mykonos">
<doc>click on UI base on locator</doc>
<arguments>
<arg>className=android.widget.Button</arg>
</arguments>
<status status="PASS" starttime="20190420 20:11:38.517" endtime="20190420 20:11:39.688"></status>
</kw>
<kw name="Close Application" library="mykonos">
<arguments>
<arg>${emulator}</arg>
<arg>${apk}</arg>
</arguments>
<status status="PASS" starttime="20190420 20:11:39.688" endtime="20190420 20:11:40.053"></status>
</kw>
<status status="PASS" starttime="20190420 20:11:37.787" endtime="20190420 20:11:40.053" critical="yes"></status>
</test>
<status status="PASS" starttime="20190420 20:11:37.522" endtime="20190420 20:11:40.054"></status>
</suite>
<statistics>
<total>
<stat pass="1" fail="0">Critical Tests</stat>
<stat pass="1" fail="0">All Tests</stat>
</total>
<tag>
</tag>
<suite>
<stat pass="1" fail="0" id="s1" name="Test Open Apps">Test Open Apps</stat>
</suite>
</statistics>
<errors>
</errors>
</robot>
