<?xml version="1.0" encoding="UTF-8"?>
<robot generator="Robot 3.1.1 (Python 3.7.2 on darwin)" generated="20190424 18:04:15.834" rpa="false">
<suite id="s1" name="Test Open Apps" source="/Users/monica.danesa/Documents/mykonos/demo/test_open_apps.robot">
<test id="s1-t1" name="Test Open Apps">
<kw name="Scan Device and Open Aplication">
<kw name="Scan Current Device" library="mykonos">
<arguments>
<arg>${emulator}</arg>
</arguments>
<assign>
<var>${device}</var>
</assign>
<msg timestamp="20190424 18:04:16.415" level="INFO">${device} = &lt;uiautomator.AutomatorDevice object at 0x108a16ac8&gt;</msg>
<status status="PASS" starttime="20190424 18:04:16.157" endtime="20190424 18:04:16.415"></status>
</kw>
<kw name="Open Application" library="mykonos">
<arguments>
<arg>${emulator}</arg>
<arg>${apk}</arg>
</arguments>
<status status="PASS" starttime="20190424 18:04:16.415" endtime="20190424 18:04:17.196"></status>
</kw>
<status status="PASS" starttime="20190424 18:04:16.157" endtime="20190424 18:04:17.197"></status>
</kw>
<kw name="Click Slide Lanjut and Mengerti">
<kw name="${index} IN RANGE [ 0 | 3 ]" type="for">
<kw name="${index} = 0" type="foritem">
<kw name="Click Element" library="mykonos">
<doc>click on UI base on locator</doc>
<arguments>
<arg>text=LANJUT</arg>
</arguments>
<status status="PASS" starttime="20190424 18:04:17.198" endtime="20190424 18:04:25.384"></status>
</kw>
<status status="PASS" starttime="20190424 18:04:17.198" endtime="20190424 18:04:25.384"></status>
</kw>
<kw name="${index} = 1" type="foritem">
<kw name="Click Element" library="mykonos">
<doc>click on UI base on locator</doc>
<arguments>
<arg>text=LANJUT</arg>
</arguments>
<status status="PASS" starttime="20190424 18:04:25.384" endtime="20190424 18:04:26.503"></status>
</kw>
<status status="PASS" starttime="20190424 18:04:25.384" endtime="20190424 18:04:26.503"></status>
</kw>
<kw name="${index} = 2" type="foritem">
<kw name="Click Element" library="mykonos">
<doc>click on UI base on locator</doc>
<arguments>
<arg>text=LANJUT</arg>
</arguments>
<status status="PASS" starttime="20190424 18:04:26.503" endtime="20190424 18:04:27.445"></status>
</kw>
<status status="PASS" starttime="20190424 18:04:26.503" endtime="20190424 18:04:27.445"></status>
</kw>
<status status="PASS" starttime="20190424 18:04:17.198" endtime="20190424 18:04:27.445"></status>
</kw>
<kw name="Click Element" library="mykonos">
<doc>click on UI base on locator</doc>
<arguments>
<arg>text=MENGERTI</arg>
</arguments>
<status status="PASS" starttime="20190424 18:04:27.445" endtime="20190424 18:04:28.371"></status>
</kw>
<status status="PASS" starttime="20190424 18:04:17.197" endtime="20190424 18:04:28.371"></status>
</kw>
<kw name="Click Button Masuk Sebagai Agent">
<kw name="Click Element" library="mykonos">
<doc>click on UI base on locator</doc>
<arguments>
<arg>text=MASUK SEBAGAI AGEN</arg>
</arguments>
<status status="PASS" starttime="20190424 18:04:28.372" endtime="20190424 18:04:32.661"></status>
</kw>
<status status="PASS" starttime="20190424 18:04:28.371" endtime="20190424 18:04:32.661"></status>
</kw>
<kw name="Input HP or Email">
<arguments>
<arg>${email}</arg>
</arguments>
<kw name="Input Text" library="mykonos">
<doc>input text on text field base on locator</doc>
<arguments>
<arg>input=${input_hp_email}</arg>
<arg>resourceId=kudo.mobile.app.test:id/activity_login_et_username</arg>
</arguments>
<status status="PASS" starttime="20190424 18:04:32.661" endtime="20190424 18:04:34.786"></status>
</kw>
<status status="PASS" starttime="20190424 18:04:32.661" endtime="20190424 18:04:34.786"></status>
</kw>
<kw name="Click Button Mulai Berjualan">
<kw name="Click Element" library="mykonos">
<doc>click on UI base on locator</doc>
<arguments>
<arg>text=Mulai Berjualan</arg>
</arguments>
<status status="PASS" starttime="20190424 18:04:34.787" endtime="20190424 18:04:35.486"></status>
</kw>
<status status="PASS" starttime="20190424 18:04:34.787" endtime="20190424 18:04:35.486"></status>
</kw>
<kw name="Input Password">
<arguments>
<arg>${password}</arg>
</arguments>
<kw name="Input Text" library="mykonos">
<doc>input text on text field base on locator</doc>
<arguments>
<arg>input=${input_password}</arg>
<arg>resourceId=kudo.mobile.app.test:id/login_et_password</arg>
</arguments>
<status status="PASS" starttime="20190424 18:04:35.486" endtime="20190424 18:04:37.836"></status>
</kw>
<status status="PASS" starttime="20190424 18:04:35.486" endtime="20190424 18:04:37.836"></status>
</kw>
<kw name="Click Masuk as Agent">
<kw name="Click Element" library="mykonos">
<doc>click on UI base on locator</doc>
<arguments>
<arg>text=MASUK</arg>
</arguments>
<status status="PASS" starttime="20190424 18:04:37.837" endtime="20190424 18:04:38.379"></status>
</kw>
<status status="PASS" starttime="20190424 18:04:37.836" endtime="20190424 18:04:38.379"></status>
</kw>
<status status="PASS" starttime="20190424 18:04:16.156" endtime="20190424 18:04:38.379" critical="yes"></status>
</test>
<status status="PASS" starttime="20190424 18:04:15.836" endtime="20190424 18:04:38.380"></status>
</suite>
<statistics>
<total>
<stat pass="1" fail="0">Critical Tests</stat>
<stat pass="1" fail="0">All Tests</stat>
</total>
<tag>
</tag>
<suite>
<stat pass="1" fail="0" id="s1" name="Test Open Apps">Test Open Apps</stat>
</suite>
</statistics>
<errors>
</errors>
</robot>
